<?xml version="1.0" encoding="UTF-8"?>
<testsuite name="PersonTest" tests="6" skipped="0" failures="0" errors="0" timestamp="2020-10-06T19:54:36" hostname="Davids-MacBook-Pro.local" time="0.039">
  <properties/>
  <testcase name="getAge()" classname="PersonTest" time="0.019"/>
  <testcase name="addTest()" classname="PersonTest" time="0.001"/>
  <testcase name="setAge()" classname="PersonTest" time="0.002"/>
  <testcase name="getName()" classname="PersonTest" time="0.002"/>
  <testcase name="testUserInput()" classname="PersonTest" time="0.01"/>
  <testcase name="setName()" classname="PersonTest" time="0.001"/>
  <system-out><![CDATA[]]></system-out>
  <system-err><![CDATA[]]></system-err>
</testsuite>
